{"message":"method=POST url=/users params={} body={}","level":"info","timestamp":"2020-10-15 10:44:08"}
{"message":"method=GET url=/users params={} body={}","level":"info","timestamp":"2020-10-15 10:44:56"}
{"message":"method=POST url=/users params={} body={}","level":"info","timestamp":"2020-10-15 10:44:59"}
{"message":"method=GET url=/users params={} body={}","level":"info","timestamp":"2020-10-15 10:45:01"}
{"message":"method=GET url=/users params={} body={}","level":"info","timestamp":"2020-10-15 10:45:58"}
{"message":"method=GET url=/users params={} body={}","level":"info","timestamp":"2020-10-15 10:46:21"}
{"message":"method=GET url=/users params={} body={}","level":"info","timestamp":"2020-10-15 10:46:38"}
{"message":"method=GET url=/users params={} body={}","level":"info","timestamp":"2020-10-15 10:47:47"}
{"message":"method=POST url=/users params={} body={}","level":"info","timestamp":"2020-10-15 14:12:31"}
{"message":"method=GET url=/users params={} body={}","level":"info","timestamp":"2020-10-15 14:12:41"}
{"message":"method=POST url=/drer params={} body={}","level":"info","timestamp":"2020-10-15 14:15:43"}
{"message":"method=POST url=/drer params={} body={}","level":"info","timestamp":"2020-10-15 14:16:36"}
{"message":"method=POST url=/drer params={} body={}","level":"info","timestamp":"2020-10-15 14:16:53"}
{"message":"method=POST url=/drer params={} body={}","level":"info","timestamp":"2020-10-15 14:17:03"}
{"message":"method=POST url=/drer params={} body={}","level":"info","timestamp":"2020-10-15 14:17:53"}
{"message":"method=POST url=/drer params={} body={}","level":"info","timestamp":"2020-10-15 14:18:13"}
{"message":"method=POST url=/drer params={} body={}","level":"info","timestamp":"2020-10-15 14:18:33"}
{"message":"method=POST url=/drer params={} body={}","level":"info","timestamp":"2020-10-15 14:22:29"}
{"message":"[Unhandled Rejection] Error: Oops, promise rejected!","level":"error","timestamp":"2020-10-19 17:03:36"}
{"message":"[Uncaught Exception] Error: Uncaught error","level":"error","timestamp":"2020-10-19 17:06:09"}
{"message":"Shutting down...","level":"info","timestamp":"2020-10-19 17:06:09"}
